<?xml version="1.0" encoding="UTF-8"?>
<testsuite xmlns:xsi="http://www.w3.org/2001/XMLSchema-instance" xsi:noNamespaceSchemaLocation="https://maven.apache.org/surefire/maven-surefire-plugin/xsd/surefire-test-report.xsd" version="3.0.1" name="com.example.CalculatorTest" time="0.089" tests="4" errors="0" skipped="0" failures="0">
  <properties>
[...]
</properties>
  <testcase name="testDivideByZero" classname="com.example.CalculatorTest" time="0.043"/>
  <testcase name="testAddition" classname="com.example.CalculatorTest" time="0.001"/>
  <testcase name="testDivision" classname="com.example.CalculatorTest" time="0.0"/>
  <testcase name="testMultiply" classname="com.example.CalculatorTest" time="0.0"/>
</testsuite>